2017-01-21 15:01:20 [scrapy.utils.log] INFO: Scrapy 1.3.0 started (bot: cnnvd)
2017-01-21 15:01:20 [scrapy.utils.log] INFO: Overridden settings: {'LOG_LEVEL': 'INFO', 'SPIDER_MODULES': ['cnnvd.spiders'], 'NEWSPIDER_MODULE': 'cnnvd.spiders', 'LOG_FILE': 'log/cnnvd.log', 'BOT_NAME': 'cnnvd', 'ROBOTSTXT_OBEY': True}
2017-01-21 15:01:20 [scrapy.middleware] INFO: Enabled extensions:
['scrapy.extensions.logstats.LogStats',
 'scrapy.extensions.corestats.CoreStats',
 'scrapy.extensions.telnet.TelnetConsole']
2017-01-21 15:01:20 [scrapy.middleware] INFO: Enabled downloader middlewares:
['scrapy.downloadermiddlewares.robotstxt.RobotsTxtMiddleware',
 'scrapy.downloadermiddlewares.httpauth.HttpAuthMiddleware',
 'scrapy.downloadermiddlewares.downloadtimeout.DownloadTimeoutMiddleware',
 'scrapy.downloadermiddlewares.defaultheaders.DefaultHeadersMiddleware',
 'scrapy.downloadermiddlewares.useragent.UserAgentMiddleware',
 'scrapy.downloadermiddlewares.retry.RetryMiddleware',
 'scrapy.downloadermiddlewares.redirect.MetaRefreshMiddleware',
 'scrapy.downloadermiddlewares.httpcompression.HttpCompressionMiddleware',
 'scrapy.downloadermiddlewares.redirect.RedirectMiddleware',
 'scrapy.downloadermiddlewares.cookies.CookiesMiddleware',
 'scrapy.downloadermiddlewares.stats.DownloaderStats']
2017-01-21 15:01:20 [scrapy.middleware] INFO: Enabled spider middlewares:
['scrapy.spidermiddlewares.httperror.HttpErrorMiddleware',
 'scrapy.spidermiddlewares.offsite.OffsiteMiddleware',
 'scrapy.spidermiddlewares.referer.RefererMiddleware',
 'scrapy.spidermiddlewares.urllength.UrlLengthMiddleware',
 'scrapy.spidermiddlewares.depth.DepthMiddleware']
2017-01-21 15:01:20 [scrapy.middleware] INFO: Enabled item pipelines:
[]
2017-01-21 15:01:20 [scrapy.core.engine] INFO: Spider opened
2017-01-21 15:01:20 [scrapy.extensions.logstats] INFO: Crawled 0 pages (at 0 pages/min), scraped 0 items (at 0 items/min)
2017-01-21 15:01:31 [scrapy.crawler] INFO: Received SIG_SETMASK, shutting down gracefully. Send again to force 
2017-01-21 15:01:31 [scrapy.core.engine] INFO: Closing spider (shutdown)
2017-01-21 15:01:31 [scrapy.crawler] INFO: Received SIG_SETMASK twice, forcing unclean shutdown
2017-01-21 15:02:15 [scrapy.utils.log] INFO: Scrapy 1.3.0 started (bot: cnnvd)
2017-01-21 15:02:15 [scrapy.utils.log] INFO: Overridden settings: {'LOG_FILE': 'log/cnnvd.log', 'LOG_LEVEL': 'INFO', 'BOT_NAME': 'cnnvd', 'ROBOTSTXT_OBEY': True, 'NEWSPIDER_MODULE': 'cnnvd.spiders', 'SPIDER_MODULES': ['cnnvd.spiders']}
2017-01-21 15:02:15 [scrapy.middleware] INFO: Enabled extensions:
['scrapy.extensions.telnet.TelnetConsole',
 'scrapy.extensions.corestats.CoreStats',
 'scrapy.extensions.logstats.LogStats']
2017-01-21 15:02:15 [scrapy.middleware] INFO: Enabled downloader middlewares:
['scrapy.downloadermiddlewares.robotstxt.RobotsTxtMiddleware',
 'scrapy.downloadermiddlewares.httpauth.HttpAuthMiddleware',
 'scrapy.downloadermiddlewares.downloadtimeout.DownloadTimeoutMiddleware',
 'scrapy.downloadermiddlewares.defaultheaders.DefaultHeadersMiddleware',
 'scrapy.downloadermiddlewares.useragent.UserAgentMiddleware',
 'scrapy.downloadermiddlewares.retry.RetryMiddleware',
 'scrapy.downloadermiddlewares.redirect.MetaRefreshMiddleware',
 'scrapy.downloadermiddlewares.httpcompression.HttpCompressionMiddleware',
 'scrapy.downloadermiddlewares.redirect.RedirectMiddleware',
 'scrapy.downloadermiddlewares.cookies.CookiesMiddleware',
 'scrapy.downloadermiddlewares.stats.DownloaderStats']
2017-01-21 15:02:16 [scrapy.middleware] INFO: Enabled spider middlewares:
['scrapy.spidermiddlewares.httperror.HttpErrorMiddleware',
 'scrapy.spidermiddlewares.offsite.OffsiteMiddleware',
 'scrapy.spidermiddlewares.referer.RefererMiddleware',
 'scrapy.spidermiddlewares.urllength.UrlLengthMiddleware',
 'scrapy.spidermiddlewares.depth.DepthMiddleware']
2017-01-21 15:02:16 [scrapy.middleware] INFO: Enabled item pipelines:
[]
2017-01-21 15:02:16 [scrapy.core.engine] INFO: Spider opened
2017-01-21 15:02:16 [scrapy.extensions.logstats] INFO: Crawled 0 pages (at 0 pages/min), scraped 0 items (at 0 items/min)
2017-01-21 15:02:25 [scrapy.crawler] INFO: Received SIG_SETMASK, shutting down gracefully. Send again to force 
2017-01-21 15:02:25 [scrapy.core.engine] INFO: Closing spider (shutdown)
2017-01-21 15:02:25 [scrapy.crawler] INFO: Received SIG_SETMASK twice, forcing unclean shutdown
2017-01-21 15:02:27 [scrapy.utils.log] INFO: Scrapy 1.3.0 started (bot: cnnvd)
2017-01-21 15:02:27 [scrapy.utils.log] INFO: Overridden settings: {'SPIDER_MODULES': ['cnnvd.spiders'], 'ROBOTSTXT_OBEY': True, 'NEWSPIDER_MODULE': 'cnnvd.spiders', 'LOG_LEVEL': 'INFO', 'LOG_FILE': 'log/cnnvd.log', 'BOT_NAME': 'cnnvd'}
2017-01-21 15:02:27 [scrapy.middleware] INFO: Enabled extensions:
['scrapy.extensions.corestats.CoreStats',
 'scrapy.extensions.logstats.LogStats',
 'scrapy.extensions.telnet.TelnetConsole']
2017-01-21 15:02:27 [scrapy.middleware] INFO: Enabled downloader middlewares:
['scrapy.downloadermiddlewares.robotstxt.RobotsTxtMiddleware',
 'scrapy.downloadermiddlewares.httpauth.HttpAuthMiddleware',
 'scrapy.downloadermiddlewares.downloadtimeout.DownloadTimeoutMiddleware',
 'scrapy.downloadermiddlewares.defaultheaders.DefaultHeadersMiddleware',
 'scrapy.downloadermiddlewares.useragent.UserAgentMiddleware',
 'scrapy.downloadermiddlewares.retry.RetryMiddleware',
 'scrapy.downloadermiddlewares.redirect.MetaRefreshMiddleware',
 'scrapy.downloadermiddlewares.httpcompression.HttpCompressionMiddleware',
 'scrapy.downloadermiddlewares.redirect.RedirectMiddleware',
 'scrapy.downloadermiddlewares.cookies.CookiesMiddleware',
 'scrapy.downloadermiddlewares.stats.DownloaderStats']
2017-01-21 15:02:27 [scrapy.middleware] INFO: Enabled spider middlewares:
['scrapy.spidermiddlewares.httperror.HttpErrorMiddleware',
 'scrapy.spidermiddlewares.offsite.OffsiteMiddleware',
 'scrapy.spidermiddlewares.referer.RefererMiddleware',
 'scrapy.spidermiddlewares.urllength.UrlLengthMiddleware',
 'scrapy.spidermiddlewares.depth.DepthMiddleware']
2017-01-21 15:02:27 [scrapy.middleware] INFO: Enabled item pipelines:
[]
2017-01-21 15:02:27 [scrapy.core.engine] INFO: Spider opened
2017-01-21 15:02:27 [scrapy.extensions.logstats] INFO: Crawled 0 pages (at 0 pages/min), scraped 0 items (at 0 items/min)
2017-01-21 15:02:37 [scrapy.crawler] INFO: Received SIG_SETMASK, shutting down gracefully. Send again to force 
2017-01-21 15:02:37 [scrapy.core.engine] INFO: Closing spider (shutdown)
2017-01-21 15:02:43 [Cnnvd] INFO: http://www.cnnvd.org.cn/vulnerability/show/cv_id/2017010794
2017-01-21 15:02:51 [scrapy.crawler] INFO: Received SIG_SETMASK twice, forcing unclean shutdown
2017-01-21 15:02:57 [scrapy.utils.log] INFO: Scrapy 1.3.0 started (bot: cnnvd)
2017-01-21 15:02:57 [scrapy.utils.log] INFO: Overridden settings: {'ROBOTSTXT_OBEY': True, 'NEWSPIDER_MODULE': 'cnnvd.spiders', 'SPIDER_MODULES': ['cnnvd.spiders'], 'BOT_NAME': 'cnnvd', 'LOG_FILE': 'log/cnnvd.log', 'LOG_LEVEL': 'INFO'}
2017-01-21 15:02:57 [scrapy.middleware] INFO: Enabled extensions:
['scrapy.extensions.telnet.TelnetConsole',
 'scrapy.extensions.corestats.CoreStats',
 'scrapy.extensions.logstats.LogStats']
2017-01-21 15:02:57 [scrapy.middleware] INFO: Enabled downloader middlewares:
['scrapy.downloadermiddlewares.robotstxt.RobotsTxtMiddleware',
 'scrapy.downloadermiddlewares.httpauth.HttpAuthMiddleware',
 'scrapy.downloadermiddlewares.downloadtimeout.DownloadTimeoutMiddleware',
 'scrapy.downloadermiddlewares.defaultheaders.DefaultHeadersMiddleware',
 'scrapy.downloadermiddlewares.useragent.UserAgentMiddleware',
 'scrapy.downloadermiddlewares.retry.RetryMiddleware',
 'scrapy.downloadermiddlewares.redirect.MetaRefreshMiddleware',
 'scrapy.downloadermiddlewares.httpcompression.HttpCompressionMiddleware',
 'scrapy.downloadermiddlewares.redirect.RedirectMiddleware',
 'scrapy.downloadermiddlewares.cookies.CookiesMiddleware',
 'scrapy.downloadermiddlewares.stats.DownloaderStats']
2017-01-21 15:02:57 [scrapy.middleware] INFO: Enabled spider middlewares:
['scrapy.spidermiddlewares.httperror.HttpErrorMiddleware',
 'scrapy.spidermiddlewares.offsite.OffsiteMiddleware',
 'scrapy.spidermiddlewares.referer.RefererMiddleware',
 'scrapy.spidermiddlewares.urllength.UrlLengthMiddleware',
 'scrapy.spidermiddlewares.depth.DepthMiddleware']
2017-01-21 15:02:57 [scrapy.middleware] INFO: Enabled item pipelines:
[]
2017-01-21 15:02:57 [scrapy.core.engine] INFO: Spider opened
2017-01-21 15:02:57 [scrapy.extensions.logstats] INFO: Crawled 0 pages (at 0 pages/min), scraped 0 items (at 0 items/min)
2017-01-21 15:03:15 [Cnnvd] INFO: http://www.cnnvd.org.cn/vulnerability/show/cv_id/2017010794
2017-01-21 15:03:30 [Cnnvd] INFO: http://www.cnnvd.org.cn/vulnerability/show/cv_id/2017010779
2017-01-21 15:03:48 [Cnnvd] INFO: http://www.cnnvd.org.cn/vulnerability/show/cv_id/2017010776
2017-01-21 15:03:57 [scrapy.extensions.logstats] INFO: Crawled 5 pages (at 5 pages/min), scraped 0 items (at 0 items/min)
2017-01-21 15:04:04 [Cnnvd] INFO: http://www.cnnvd.org.cn/vulnerability/show/cv_id/2017010778
2017-01-21 15:04:20 [Cnnvd] INFO: http://www.cnnvd.org.cn/vulnerability/show/cv_id/2017010777
2017-01-21 15:04:35 [Cnnvd] INFO: http://www.cnnvd.org.cn/vulnerability/show/cv_id/2017010775
2017-01-21 15:04:48 [Cnnvd] INFO: http://www.cnnvd.org.cn/vulnerability/show/cv_id/2017010780
2017-01-21 15:04:57 [scrapy.extensions.logstats] INFO: Crawled 9 pages (at 4 pages/min), scraped 0 items (at 0 items/min)
2017-01-21 15:05:02 [Cnnvd] INFO: http://www.cnnvd.org.cn/vulnerability/show/cv_id/2017010781
2017-01-21 15:05:10 [Cnnvd] INFO: http://www.cnnvd.org.cn/vulnerability/show/cv_id/2017010782
2017-01-21 15:05:13 [Cnnvd] INFO: http://www.cnnvd.org.cn/vulnerability/show/cv_id/2017010783
2017-01-21 15:05:16 [Cnnvd] INFO: http://www.cnnvd.org.cn/vulnerability/show/cv_id/2017010784
2017-01-21 15:05:19 [Cnnvd] INFO: http://www.cnnvd.org.cn/vulnerability/show/cv_id/2017010785
2017-01-21 15:05:22 [Cnnvd] INFO: http://www.cnnvd.org.cn/vulnerability/show/cv_id/2017010786
2017-01-21 15:05:25 [Cnnvd] INFO: http://www.cnnvd.org.cn/vulnerability/show/cv_id/2017010787
2017-01-21 15:05:30 [Cnnvd] INFO: http://www.cnnvd.org.cn/vulnerability/show/cv_id/2017010788
2017-01-21 15:05:32 [Cnnvd] INFO: http://www.cnnvd.org.cn/vulnerability/show/cv_id/2017010789
2017-01-21 15:05:36 [Cnnvd] INFO: http://www.cnnvd.org.cn/vulnerability/show/cv_id/2017010790
2017-01-21 15:05:38 [Cnnvd] INFO: http://www.cnnvd.org.cn/vulnerability/show/cv_id/2017010791
2017-01-21 15:05:41 [Cnnvd] INFO: http://www.cnnvd.org.cn/vulnerability/show/cv_id/2017010792
2017-01-21 15:05:44 [Cnnvd] INFO: http://www.cnnvd.org.cn/vulnerability/show/cv_id/2017010793
2017-01-21 15:05:52 [Cnnvd] INFO: http://www.cnnvd.org.cn/vulnerability/show/cv_id/2017010755
2017-01-21 15:05:55 [Cnnvd] INFO: http://www.cnnvd.org.cn/vulnerability/show/cv_id/2017010756
2017-01-21 15:05:57 [scrapy.extensions.logstats] INFO: Crawled 30 pages (at 21 pages/min), scraped 0 items (at 0 items/min)
2017-01-21 15:05:57 [Cnnvd] INFO: http://www.cnnvd.org.cn/vulnerability/show/cv_id/2017010757
2017-01-21 15:06:01 [Cnnvd] INFO: http://www.cnnvd.org.cn/vulnerability/show/cv_id/2017010758
2017-01-21 15:06:04 [Cnnvd] INFO: http://www.cnnvd.org.cn/vulnerability/show/cv_id/2017010718
2017-01-21 15:06:08 [Cnnvd] INFO: http://www.cnnvd.org.cn/vulnerability/show/cv_id/2017010605
2017-01-21 15:06:11 [Cnnvd] INFO: http://www.cnnvd.org.cn/vulnerability/show/cv_id/2017010606
2017-01-21 15:06:14 [Cnnvd] INFO: http://www.cnnvd.org.cn/vulnerability/show/cv_id/2017010607
2017-01-21 15:06:17 [Cnnvd] INFO: http://www.cnnvd.org.cn/vulnerability/show/cv_id/2017010608
2017-01-21 15:06:22 [Cnnvd] INFO: http://www.cnnvd.org.cn/vulnerability/show/cv_id/2017010609
2017-01-21 15:06:25 [Cnnvd] INFO: http://www.cnnvd.org.cn/vulnerability/show/cv_id/2017010610
2017-01-21 15:06:27 [Cnnvd] INFO: http://www.cnnvd.org.cn/vulnerability/show/cv_id/2017010611
2017-01-21 15:06:30 [Cnnvd] INFO: http://www.cnnvd.org.cn/vulnerability/show/cv_id/2017010612
2017-01-21 15:06:32 [Cnnvd] INFO: http://www.cnnvd.org.cn/vulnerability/show/cv_id/2017010613
2017-01-21 15:06:35 [Cnnvd] INFO: http://www.cnnvd.org.cn/vulnerability/show/cv_id/2017010614
2017-01-21 15:06:38 [Cnnvd] INFO: http://www.cnnvd.org.cn/vulnerability/show/cv_id/2017010643
2017-01-21 15:06:41 [Cnnvd] INFO: http://www.cnnvd.org.cn/vulnerability/show/cv_id/2017010642
2017-01-21 15:06:44 [Cnnvd] INFO: http://www.cnnvd.org.cn/vulnerability/show/cv_id/2017010644
2017-01-21 15:06:47 [Cnnvd] INFO: http://www.cnnvd.org.cn/vulnerability/show/cv_id/2017010645
2017-01-21 15:06:50 [Cnnvd] INFO: http://www.cnnvd.org.cn/vulnerability/show/cv_id/2017010646
2017-01-21 15:06:52 [Cnnvd] INFO: http://www.cnnvd.org.cn/vulnerability/show/cv_id/2017010648
2017-01-21 15:06:55 [Cnnvd] INFO: http://www.cnnvd.org.cn/vulnerability/show/cv_id/2017010647
2017-01-21 15:06:57 [scrapy.extensions.logstats] INFO: Crawled 56 pages (at 26 pages/min), scraped 0 items (at 0 items/min)
2017-01-21 15:06:59 [Cnnvd] INFO: http://www.cnnvd.org.cn/vulnerability/show/cv_id/2017010649
2017-01-21 15:07:02 [Cnnvd] INFO: http://www.cnnvd.org.cn/vulnerability/show/cv_id/2017010650
2017-01-21 15:07:05 [Cnnvd] INFO: http://www.cnnvd.org.cn/vulnerability/show/cv_id/2017010651
2017-01-21 15:07:08 [Cnnvd] INFO: http://www.cnnvd.org.cn/vulnerability/show/cv_id/2017010655
2017-01-21 15:07:13 [Cnnvd] INFO: http://www.cnnvd.org.cn/vulnerability/show/cv_id/2017010656
2017-01-21 15:07:16 [Cnnvd] INFO: http://www.cnnvd.org.cn/vulnerability/show/cv_id/2017010657
2017-01-21 15:07:18 [Cnnvd] INFO: http://www.cnnvd.org.cn/vulnerability/show/cv_id/2017010658
2017-01-21 15:07:25 [Cnnvd] INFO: http://www.cnnvd.org.cn/vulnerability/show/cv_id/2017010555
2017-01-21 15:07:28 [Cnnvd] INFO: http://www.cnnvd.org.cn/vulnerability/show/cv_id/2017010554
2017-01-21 15:07:31 [Cnnvd] INFO: http://www.cnnvd.org.cn/vulnerability/show/cv_id/2017010557
2017-01-21 15:07:33 [Cnnvd] INFO: http://www.cnnvd.org.cn/vulnerability/show/cv_id/2017010556
2017-01-21 15:07:36 [Cnnvd] INFO: http://www.cnnvd.org.cn/vulnerability/show/cv_id/2017010558
2017-01-21 15:07:38 [Cnnvd] INFO: http://www.cnnvd.org.cn/vulnerability/show/cv_id/2017010559
2017-01-21 15:07:42 [Cnnvd] INFO: http://www.cnnvd.org.cn/vulnerability/show/cv_id/2017010560
2017-01-21 15:07:45 [Cnnvd] INFO: http://www.cnnvd.org.cn/vulnerability/show/cv_id/2017010561
2017-01-21 15:07:47 [Cnnvd] INFO: http://www.cnnvd.org.cn/vulnerability/show/cv_id/2017010562
2017-01-21 15:07:50 [Cnnvd] INFO: http://www.cnnvd.org.cn/vulnerability/show/cv_id/2017010564
2017-01-21 15:07:53 [Cnnvd] INFO: http://www.cnnvd.org.cn/vulnerability/show/cv_id/2017010579
2017-01-21 15:07:55 [Cnnvd] INFO: http://www.cnnvd.org.cn/vulnerability/show/cv_id/2017010632
2017-01-21 15:07:57 [scrapy.extensions.logstats] INFO: Crawled 83 pages (at 27 pages/min), scraped 0 items (at 0 items/min)
2017-01-21 15:07:58 [Cnnvd] INFO: http://www.cnnvd.org.cn/vulnerability/show/cv_id/2017010515
2017-01-21 15:08:01 [Cnnvd] INFO: http://www.cnnvd.org.cn/vulnerability/show/cv_id/2017010516
2017-01-21 15:08:04 [Cnnvd] INFO: http://www.cnnvd.org.cn/vulnerability/show/cv_id/2017010517
2017-01-21 15:08:07 [Cnnvd] INFO: http://www.cnnvd.org.cn/vulnerability/show/cv_id/2017010518
2017-01-21 15:08:10 [Cnnvd] INFO: http://www.cnnvd.org.cn/vulnerability/show/cv_id/2017010519
2017-01-21 15:08:12 [Cnnvd] INFO: http://www.cnnvd.org.cn/vulnerability/show/cv_id/2017010520
2017-01-21 15:08:15 [Cnnvd] INFO: http://www.cnnvd.org.cn/vulnerability/show/cv_id/2017010521
2017-01-21 15:08:18 [Cnnvd] INFO: http://www.cnnvd.org.cn/vulnerability/show/cv_id/2017010522
2017-01-21 15:08:21 [Cnnvd] INFO: http://www.cnnvd.org.cn/vulnerability/show/cv_id/2017010523
2017-01-21 15:08:24 [Cnnvd] INFO: http://www.cnnvd.org.cn/vulnerability/show/cv_id/2017010524
2017-01-21 15:08:27 [Cnnvd] INFO: http://www.cnnvd.org.cn/vulnerability/show/cv_id/2017010525
2017-01-21 15:08:29 [Cnnvd] INFO: http://www.cnnvd.org.cn/vulnerability/show/cv_id/2017010526
2017-01-21 15:08:32 [Cnnvd] INFO: http://www.cnnvd.org.cn/vulnerability/show/cv_id/2017010527
2017-01-21 15:08:35 [Cnnvd] INFO: http://www.cnnvd.org.cn/vulnerability/show/cv_id/2017010528
2017-01-21 15:08:39 [Cnnvd] INFO: http://www.cnnvd.org.cn/vulnerability/show/cv_id/2017010529
2017-01-21 15:08:41 [Cnnvd] INFO: http://www.cnnvd.org.cn/vulnerability/show/cv_id/2017010530
2017-01-21 15:08:44 [Cnnvd] INFO: http://www.cnnvd.org.cn/vulnerability/show/cv_id/2017010531
2017-01-21 15:08:46 [Cnnvd] INFO: http://www.cnnvd.org.cn/vulnerability/show/cv_id/2017010415
2017-01-21 15:08:49 [Cnnvd] INFO: http://www.cnnvd.org.cn/vulnerability/show/cv_id/2017010416
2017-01-21 15:08:52 [Cnnvd] INFO: http://www.cnnvd.org.cn/vulnerability/show/cv_id/2017010417
2017-01-21 15:08:55 [Cnnvd] INFO: http://www.cnnvd.org.cn/vulnerability/show/cv_id/2017010418
2017-01-21 15:08:57 [scrapy.extensions.logstats] INFO: Crawled 107 pages (at 24 pages/min), scraped 0 items (at 0 items/min)
2017-01-21 15:08:58 [Cnnvd] INFO: http://www.cnnvd.org.cn/vulnerability/show/cv_id/2017010419
2017-01-21 15:09:01 [Cnnvd] INFO: http://www.cnnvd.org.cn/vulnerability/show/cv_id/2017010420
2017-01-21 15:09:03 [Cnnvd] INFO: http://www.cnnvd.org.cn/vulnerability/show/cv_id/2017010421
2017-01-21 15:09:06 [Cnnvd] INFO: http://www.cnnvd.org.cn/vulnerability/show/cv_id/2017010422
2017-01-21 15:09:10 [Cnnvd] INFO: http://www.cnnvd.org.cn/vulnerability/show/cv_id/2017010423
2017-01-21 15:09:13 [Cnnvd] INFO: http://www.cnnvd.org.cn/vulnerability/show/cv_id/2017010424
2017-01-21 15:09:15 [Cnnvd] INFO: http://www.cnnvd.org.cn/vulnerability/show/cv_id/2017010425
2017-01-21 15:09:18 [Cnnvd] INFO: http://www.cnnvd.org.cn/vulnerability/show/cv_id/2017010426
2017-01-21 15:09:20 [Cnnvd] INFO: http://www.cnnvd.org.cn/vulnerability/show/cv_id/2017010427
2017-01-21 15:09:23 [Cnnvd] INFO: http://www.cnnvd.org.cn/vulnerability/show/cv_id/2017010428
2017-01-21 15:09:26 [Cnnvd] INFO: http://www.cnnvd.org.cn/vulnerability/show/cv_id/2017010429
2017-01-21 15:09:28 [Cnnvd] INFO: http://www.cnnvd.org.cn/vulnerability/show/cv_id/2017010430
2017-01-21 15:09:31 [Cnnvd] INFO: http://www.cnnvd.org.cn/vulnerability/show/cv_id/2017010431
2017-01-21 15:09:34 [Cnnvd] INFO: http://www.cnnvd.org.cn/vulnerability/show/cv_id/2017010432
2017-01-21 15:09:37 [Cnnvd] INFO: http://www.cnnvd.org.cn/vulnerability/show/cv_id/2017010310
2017-01-21 15:09:39 [Cnnvd] INFO: http://www.cnnvd.org.cn/vulnerability/show/cv_id/2017010311
2017-01-21 15:09:42 [Cnnvd] INFO: http://www.cnnvd.org.cn/vulnerability/show/cv_id/2017010312
2017-01-21 15:09:45 [Cnnvd] INFO: http://www.cnnvd.org.cn/vulnerability/show/cv_id/2017010313
2017-01-21 15:09:47 [Cnnvd] INFO: http://www.cnnvd.org.cn/vulnerability/show/cv_id/2017010314
2017-01-21 15:09:50 [Cnnvd] INFO: http://www.cnnvd.org.cn/vulnerability/show/cv_id/2017010316
2017-01-21 15:09:51 [Cnnvd] INFO: http://www.cnnvd.org.cn/vulnerability/show/cv_id/2017010315
2017-01-21 15:09:55 [Cnnvd] INFO: http://www.cnnvd.org.cn/vulnerability/show/cv_id/2017010317
2017-01-21 15:09:57 [scrapy.extensions.logstats] INFO: Crawled 134 pages (at 27 pages/min), scraped 0 items (at 0 items/min)
2017-01-21 15:09:59 [Cnnvd] INFO: http://www.cnnvd.org.cn/vulnerability/show/cv_id/2017010318
2017-01-21 15:10:01 [Cnnvd] INFO: http://www.cnnvd.org.cn/vulnerability/show/cv_id/2017010319
2017-01-21 15:10:05 [Cnnvd] INFO: http://www.cnnvd.org.cn/vulnerability/show/cv_id/2017010320
2017-01-21 15:10:08 [Cnnvd] INFO: http://www.cnnvd.org.cn/vulnerability/show/cv_id/2017010321
2017-01-21 15:10:11 [Cnnvd] INFO: http://www.cnnvd.org.cn/vulnerability/show/cv_id/2017010322
2017-01-21 15:10:14 [Cnnvd] INFO: http://www.cnnvd.org.cn/vulnerability/show/cv_id/2017010323
2017-01-21 15:10:17 [Cnnvd] INFO: http://www.cnnvd.org.cn/vulnerability/show/cv_id/2017010324
2017-01-21 15:10:23 [Cnnvd] INFO: http://www.cnnvd.org.cn/vulnerability/show/cv_id/2017010330
2017-01-21 15:10:26 [Cnnvd] INFO: http://www.cnnvd.org.cn/vulnerability/show/cv_id/2017010331
2017-01-21 15:10:29 [Cnnvd] INFO: http://www.cnnvd.org.cn/vulnerability/show/cv_id/2017010332
2017-01-21 15:10:34 [Cnnvd] INFO: http://www.cnnvd.org.cn/vulnerability/show/cv_id/2017010333
2017-01-21 15:10:37 [Cnnvd] INFO: http://www.cnnvd.org.cn/vulnerability/show/cv_id/2017010334
2017-01-21 15:10:42 [Cnnvd] INFO: http://www.cnnvd.org.cn/vulnerability/show/cv_id/2017010335
2017-01-21 15:10:45 [Cnnvd] INFO: http://www.cnnvd.org.cn/vulnerability/show/cv_id/2017010336
2017-01-21 15:10:49 [Cnnvd] INFO: http://www.cnnvd.org.cn/vulnerability/show/cv_id/2017010337
2017-01-21 15:10:52 [Cnnvd] INFO: http://www.cnnvd.org.cn/vulnerability/show/cv_id/2017010338
2017-01-21 15:10:55 [Cnnvd] INFO: http://www.cnnvd.org.cn/vulnerability/show/cv_id/2017010339
2017-01-21 15:10:57 [scrapy.extensions.logstats] INFO: Crawled 159 pages (at 25 pages/min), scraped 0 items (at 0 items/min)
2017-01-21 15:11:00 [Cnnvd] INFO: http://www.cnnvd.org.cn/vulnerability/show/cv_id/2017010241
2017-01-21 15:11:03 [Cnnvd] INFO: http://www.cnnvd.org.cn/vulnerability/show/cv_id/2017010242
2017-01-21 15:11:06 [Cnnvd] INFO: http://www.cnnvd.org.cn/vulnerability/show/cv_id/2017010243
2017-01-21 15:11:10 [Cnnvd] INFO: http://www.cnnvd.org.cn/vulnerability/show/cv_id/2017010244
2017-01-21 15:11:15 [Cnnvd] INFO: http://www.cnnvd.org.cn/vulnerability/show/cv_id/2017010245
2017-01-21 15:11:18 [Cnnvd] INFO: http://www.cnnvd.org.cn/vulnerability/show/cv_id/2017010246
2017-01-21 15:11:19 [Cnnvd] INFO: http://www.cnnvd.org.cn/vulnerability/show/cv_id/2017010176
2017-01-21 15:11:22 [Cnnvd] INFO: http://www.cnnvd.org.cn/vulnerability/show/cv_id/2017010177
2017-01-21 15:11:24 [Cnnvd] INFO: http://www.cnnvd.org.cn/vulnerability/show/cv_id/2017010178
2017-01-21 15:11:27 [Cnnvd] INFO: http://www.cnnvd.org.cn/vulnerability/show/cv_id/2017010179
2017-01-21 15:11:30 [Cnnvd] INFO: http://www.cnnvd.org.cn/vulnerability/show/cv_id/2017010180
2017-01-21 15:11:35 [Cnnvd] INFO: http://www.cnnvd.org.cn/vulnerability/show/cv_id/2016100921
2017-01-21 15:11:37 [Cnnvd] INFO: http://www.cnnvd.org.cn/vulnerability/show/cv_id/2016110719
2017-01-21 15:11:40 [Cnnvd] INFO: http://www.cnnvd.org.cn/vulnerability/show/cv_id/2016110718
2017-01-21 15:11:43 [Cnnvd] INFO: http://www.cnnvd.org.cn/vulnerability/show/cv_id/2016110720
2017-01-21 15:11:45 [Cnnvd] INFO: http://www.cnnvd.org.cn/vulnerability/show/cv_id/2016110721
2017-01-21 15:11:48 [Cnnvd] INFO: http://www.cnnvd.org.cn/vulnerability/show/cv_id/2017010135
2017-01-21 15:11:51 [Cnnvd] INFO: http://www.cnnvd.org.cn/vulnerability/show/cv_id/2017010136
2017-01-21 15:11:53 [Cnnvd] INFO: http://www.cnnvd.org.cn/vulnerability/show/cv_id/2017010137
2017-01-21 15:11:56 [Cnnvd] INFO: http://www.cnnvd.org.cn/vulnerability/show/cv_id/2017010138
2017-01-21 15:11:57 [scrapy.extensions.logstats] INFO: Crawled 183 pages (at 24 pages/min), scraped 0 items (at 0 items/min)
2017-01-21 15:11:58 [Cnnvd] INFO: http://www.cnnvd.org.cn/vulnerability/show/cv_id/2017010139
2017-01-21 15:12:02 [Cnnvd] INFO: http://www.cnnvd.org.cn/vulnerability/show/cv_id/2017010140
2017-01-21 15:12:05 [Cnnvd] INFO: http://www.cnnvd.org.cn/vulnerability/show/cv_id/2017010141
2017-01-21 15:12:07 [Cnnvd] INFO: http://www.cnnvd.org.cn/vulnerability/show/cv_id/2017010142
2017-01-21 15:12:10 [Cnnvd] INFO: http://www.cnnvd.org.cn/vulnerability/show/cv_id/2016120796
2017-01-21 15:12:11 [Cnnvd] INFO: http://www.cnnvd.org.cn/vulnerability/show/cv_id/2016120798
2017-01-21 15:12:14 [Cnnvd] INFO: http://www.cnnvd.org.cn/vulnerability/show/cv_id/2016120797
2017-01-21 15:12:20 [Cnnvd] INFO: http://www.cnnvd.org.cn/vulnerability/show/cv_id/2017010037
2017-01-21 15:12:20 [Cnnvd] INFO: http://www.cnnvd.org.cn/vulnerability/show/cv_id/2017010038
2017-01-21 15:12:21 [Cnnvd] INFO: http://www.cnnvd.org.cn/vulnerability/show/cv_id/2017010040
2017-01-21 15:12:22 [Cnnvd] INFO: http://www.cnnvd.org.cn/vulnerability/show/cv_id/2017010039
2017-01-21 15:12:22 [Cnnvd] INFO: http://www.cnnvd.org.cn/vulnerability/show/cv_id/2017010041
2017-01-21 15:12:23 [Cnnvd] INFO: http://www.cnnvd.org.cn/vulnerability/show/cv_id/2017010042
2017-01-21 15:12:24 [Cnnvd] INFO: http://www.cnnvd.org.cn/vulnerability/show/cv_id/2017010043
2017-01-21 15:12:25 [Cnnvd] INFO: http://www.cnnvd.org.cn/vulnerability/show/cv_id/2017010044
2017-01-21 15:12:31 [Cnnvd] INFO: http://www.cnnvd.org.cn/vulnerability/show/cv_id/2017010078
2017-01-21 15:12:34 [Cnnvd] INFO: http://www.cnnvd.org.cn/vulnerability/show/cv_id/2017010081
2017-01-21 15:12:34 [Cnnvd] INFO: http://www.cnnvd.org.cn/vulnerability/show/cv_id/2017010077
2017-01-21 15:12:37 [Cnnvd] INFO: http://www.cnnvd.org.cn/vulnerability/show/cv_id/2017010080
2017-01-21 15:12:39 [Cnnvd] INFO: http://www.cnnvd.org.cn/vulnerability/show/cv_id/2017010079
2017-01-21 15:12:40 [Cnnvd] INFO: http://www.cnnvd.org.cn/vulnerability/show/cv_id/2017010017
2017-01-21 15:12:43 [Cnnvd] INFO: http://www.cnnvd.org.cn/vulnerability/show/cv_id/2016120716
2017-01-21 15:12:43 [Cnnvd] INFO: http://www.cnnvd.org.cn/vulnerability/show/cv_id/2016120717
2017-01-21 15:12:46 [Cnnvd] INFO: http://www.cnnvd.org.cn/vulnerability/show/cv_id/2016120720
2017-01-21 15:12:49 [Cnnvd] INFO: http://www.cnnvd.org.cn/vulnerability/show/cv_id/2016120718
2017-01-21 15:12:51 [Cnnvd] INFO: http://www.cnnvd.org.cn/vulnerability/show/cv_id/2016120721
2017-01-21 15:12:54 [Cnnvd] INFO: http://www.cnnvd.org.cn/vulnerability/show/cv_id/2016120719
2017-01-21 15:12:57 [Cnnvd] INFO: http://www.cnnvd.org.cn/vulnerability/show/cv_id/2016120722
2017-01-21 15:12:57 [scrapy.extensions.logstats] INFO: Crawled 221 pages (at 38 pages/min), scraped 0 items (at 0 items/min)
2017-01-21 15:13:00 [Cnnvd] INFO: http://www.cnnvd.org.cn/vulnerability/show/cv_id/2016120723
2017-01-21 15:13:07 [Cnnvd] INFO: http://www.cnnvd.org.cn/vulnerability/show/cv_id/2016120724
2017-01-21 15:13:10 [Cnnvd] INFO: http://www.cnnvd.org.cn/vulnerability/show/cv_id/2016120725
2017-01-21 15:13:12 [Cnnvd] INFO: http://www.cnnvd.org.cn/vulnerability/show/cv_id/2016120726
2017-01-21 15:13:15 [Cnnvd] INFO: http://www.cnnvd.org.cn/vulnerability/show/cv_id/2016120727
2017-01-21 15:13:18 [Cnnvd] INFO: http://www.cnnvd.org.cn/vulnerability/show/cv_id/2016120728
2017-01-21 15:13:21 [Cnnvd] INFO: http://www.cnnvd.org.cn/vulnerability/show/cv_id/2016120729
2017-01-21 15:13:24 [Cnnvd] INFO: http://www.cnnvd.org.cn/vulnerability/show/cv_id/2016120730
2017-01-21 15:13:27 [Cnnvd] INFO: http://www.cnnvd.org.cn/vulnerability/show/cv_id/2016120731
2017-01-21 15:13:29 [Cnnvd] INFO: http://www.cnnvd.org.cn/vulnerability/show/cv_id/2016120732
2017-01-21 15:13:32 [Cnnvd] INFO: http://www.cnnvd.org.cn/vulnerability/show/cv_id/2016120733
2017-01-21 15:13:35 [Cnnvd] INFO: http://www.cnnvd.org.cn/vulnerability/show/cv_id/2016120734
2017-01-21 15:13:38 [Cnnvd] INFO: http://www.cnnvd.org.cn/vulnerability/show/cv_id/2016120735
2017-01-21 15:13:40 [Cnnvd] INFO: http://www.cnnvd.org.cn/vulnerability/show/cv_id/2016120656
2017-01-21 15:13:43 [Cnnvd] INFO: http://www.cnnvd.org.cn/vulnerability/show/cv_id/2016120658
2017-01-21 15:13:46 [Cnnvd] INFO: http://www.cnnvd.org.cn/vulnerability/show/cv_id/2016120657
2017-01-21 15:13:50 [Cnnvd] INFO: http://www.cnnvd.org.cn/vulnerability/show/cv_id/2016120659
2017-01-21 15:13:53 [Cnnvd] INFO: http://www.cnnvd.org.cn/vulnerability/show/cv_id/2016120660
2017-01-21 15:13:56 [Cnnvd] INFO: http://www.cnnvd.org.cn/vulnerability/show/cv_id/2016120661
2017-01-21 15:13:57 [scrapy.extensions.logstats] INFO: Crawled 246 pages (at 25 pages/min), scraped 0 items (at 0 items/min)
2017-01-21 15:13:59 [Cnnvd] INFO: http://www.cnnvd.org.cn/vulnerability/show/cv_id/2016120662
2017-01-21 15:14:02 [Cnnvd] INFO: http://www.cnnvd.org.cn/vulnerability/show/cv_id/2016120663
2017-01-21 15:14:04 [Cnnvd] INFO: http://www.cnnvd.org.cn/vulnerability/show/cv_id/2016120664
2017-01-21 15:14:07 [Cnnvd] INFO: http://www.cnnvd.org.cn/vulnerability/show/cv_id/2016120665
2017-01-21 15:14:09 [Cnnvd] INFO: http://www.cnnvd.org.cn/vulnerability/show/cv_id/2016120666
2017-01-21 15:14:12 [Cnnvd] INFO: http://www.cnnvd.org.cn/vulnerability/show/cv_id/2016120667
2017-01-21 15:14:14 [Cnnvd] INFO: http://www.cnnvd.org.cn/vulnerability/show/cv_id/2016120668
2017-01-21 15:14:17 [Cnnvd] INFO: http://www.cnnvd.org.cn/vulnerability/show/cv_id/2016120669
2017-01-21 15:14:20 [Cnnvd] INFO: http://www.cnnvd.org.cn/vulnerability/show/cv_id/2016120670
2017-01-21 15:14:22 [Cnnvd] INFO: http://www.cnnvd.org.cn/vulnerability/show/cv_id/2016120671
2017-01-21 15:14:25 [Cnnvd] INFO: http://www.cnnvd.org.cn/vulnerability/show/cv_id/2016120672
2017-01-21 15:14:27 [Cnnvd] INFO: http://www.cnnvd.org.cn/vulnerability/show/cv_id/2016120673
2017-01-21 15:14:30 [Cnnvd] INFO: http://www.cnnvd.org.cn/vulnerability/show/cv_id/2014010631
2017-01-21 15:14:33 [Cnnvd] INFO: http://www.cnnvd.org.cn/vulnerability/show/cv_id/2014010632
2017-01-21 15:14:35 [Cnnvd] INFO: http://www.cnnvd.org.cn/vulnerability/show/cv_id/2014010634
2017-01-21 15:14:38 [Cnnvd] INFO: http://www.cnnvd.org.cn/vulnerability/show/cv_id/2014010633
2017-01-21 15:14:41 [Cnnvd] INFO: http://www.cnnvd.org.cn/vulnerability/show/cv_id/2014010635
2017-01-21 15:14:43 [Cnnvd] INFO: http://www.cnnvd.org.cn/vulnerability/show/cv_id/2014010636
2017-01-21 15:14:49 [Cnnvd] INFO: http://www.cnnvd.org.cn/vulnerability/show/cv_id/2014010637
2017-01-21 15:14:52 [Cnnvd] INFO: http://www.cnnvd.org.cn/vulnerability/show/cv_id/2016100922
2017-01-21 15:14:54 [Cnnvd] INFO: http://www.cnnvd.org.cn/vulnerability/show/cv_id/2016100923
2017-01-21 15:14:57 [Cnnvd] INFO: http://www.cnnvd.org.cn/vulnerability/show/cv_id/2016100924
2017-01-21 15:14:57 [scrapy.extensions.logstats] INFO: Crawled 271 pages (at 25 pages/min), scraped 0 items (at 0 items/min)
2017-01-21 15:14:59 [Cnnvd] INFO: http://www.cnnvd.org.cn/vulnerability/show/cv_id/2016100925
2017-01-21 15:15:04 [Cnnvd] INFO: http://www.cnnvd.org.cn/vulnerability/show/cv_id/2016100926
2017-01-21 15:15:07 [Cnnvd] INFO: http://www.cnnvd.org.cn/vulnerability/show/cv_id/2016100927
2017-01-21 15:15:10 [Cnnvd] INFO: http://www.cnnvd.org.cn/vulnerability/show/cv_id/2016120619
2017-01-21 15:15:12 [Cnnvd] INFO: http://www.cnnvd.org.cn/vulnerability/show/cv_id/2016120620
2017-01-21 15:15:15 [Cnnvd] INFO: http://www.cnnvd.org.cn/vulnerability/show/cv_id/2016120621
2017-01-21 15:15:17 [Cnnvd] INFO: http://www.cnnvd.org.cn/vulnerability/show/cv_id/2016120622
2017-01-21 15:15:20 [Cnnvd] INFO: http://www.cnnvd.org.cn/vulnerability/show/cv_id/2016120623
2017-01-21 15:15:23 [Cnnvd] INFO: http://www.cnnvd.org.cn/vulnerability/show/cv_id/2016120626
2017-01-21 15:15:27 [Cnnvd] INFO: http://www.cnnvd.org.cn/vulnerability/show/cv_id/2016120627
2017-01-21 15:15:29 [Cnnvd] INFO: http://www.cnnvd.org.cn/vulnerability/show/cv_id/2016120628
2017-01-21 15:15:32 [Cnnvd] INFO: http://www.cnnvd.org.cn/vulnerability/show/cv_id/2016120629
2017-01-21 15:15:33 [Cnnvd] INFO: http://www.cnnvd.org.cn/vulnerability/show/cv_id/2016120630
2017-01-21 15:15:35 [Cnnvd] INFO: http://www.cnnvd.org.cn/vulnerability/show/cv_id/2013040626
2017-01-21 15:15:38 [Cnnvd] INFO: http://www.cnnvd.org.cn/vulnerability/show/cv_id/2013040627
2017-01-21 15:15:40 [Cnnvd] INFO: http://www.cnnvd.org.cn/vulnerability/show/cv_id/2013060537
2017-01-21 15:15:43 [Cnnvd] INFO: http://www.cnnvd.org.cn/vulnerability/show/cv_id/2013060538
2017-01-21 15:15:46 [Cnnvd] INFO: http://www.cnnvd.org.cn/vulnerability/show/cv_id/2013060541
2017-01-21 15:15:49 [Cnnvd] INFO: http://www.cnnvd.org.cn/vulnerability/show/cv_id/2013060554
2017-01-21 15:15:51 [Cnnvd] INFO: http://www.cnnvd.org.cn/vulnerability/show/cv_id/2013060555
2017-01-21 15:15:54 [Cnnvd] INFO: http://www.cnnvd.org.cn/vulnerability/show/cv_id/2013060556
2017-01-21 15:15:56 [Cnnvd] INFO: http://www.cnnvd.org.cn/vulnerability/show/cv_id/2013060559
2017-01-21 15:15:57 [scrapy.extensions.logstats] INFO: Crawled 298 pages (at 27 pages/min), scraped 0 items (at 0 items/min)
2017-01-21 15:15:59 [Cnnvd] INFO: http://www.cnnvd.org.cn/vulnerability/show/cv_id/2013070695
2017-01-21 15:16:02 [Cnnvd] INFO: http://www.cnnvd.org.cn/vulnerability/show/cv_id/2014110559
2017-01-21 15:16:04 [Cnnvd] INFO: http://www.cnnvd.org.cn/vulnerability/show/cv_id/2014110560
2017-01-21 15:16:07 [Cnnvd] INFO: http://www.cnnvd.org.cn/vulnerability/show/cv_id/2014110558
2017-01-21 15:16:10 [Cnnvd] INFO: http://www.cnnvd.org.cn/vulnerability/show/cv_id/2014110561
2017-01-21 15:16:13 [Cnnvd] INFO: http://www.cnnvd.org.cn/vulnerability/show/cv_id/2014110562
2017-01-21 15:16:15 [Cnnvd] INFO: http://www.cnnvd.org.cn/vulnerability/show/cv_id/2014110563
2017-01-21 15:16:21 [Cnnvd] INFO: http://www.cnnvd.org.cn/vulnerability/show/cv_id/2014110564
2017-01-21 15:16:23 [Cnnvd] INFO: http://www.cnnvd.org.cn/vulnerability/show/cv_id/2014110565
2017-01-21 15:16:26 [Cnnvd] INFO: http://www.cnnvd.org.cn/vulnerability/show/cv_id/2014110566
2017-01-21 15:16:30 [Cnnvd] INFO: http://www.cnnvd.org.cn/vulnerability/show/cv_id/2014120597
2017-01-21 15:16:33 [Cnnvd] INFO: http://www.cnnvd.org.cn/vulnerability/show/cv_id/2014120598
2017-01-21 15:16:36 [Cnnvd] INFO: http://www.cnnvd.org.cn/vulnerability/show/cv_id/2014120599
2017-01-21 15:16:40 [Cnnvd] INFO: http://www.cnnvd.org.cn/vulnerability/show/cv_id/2014120600
2017-01-21 15:16:43 [Cnnvd] INFO: http://www.cnnvd.org.cn/vulnerability/show/cv_id/2014120601
2017-01-21 15:16:45 [Cnnvd] INFO: http://www.cnnvd.org.cn/vulnerability/show/cv_id/2014120632
2017-01-21 15:16:48 [Cnnvd] INFO: http://www.cnnvd.org.cn/vulnerability/show/cv_id/2014120633
2017-01-21 15:16:51 [Cnnvd] INFO: http://www.cnnvd.org.cn/vulnerability/show/cv_id/2014120634
2017-01-21 15:16:53 [Cnnvd] INFO: http://www.cnnvd.org.cn/vulnerability/show/cv_id/2014120635
2017-01-21 15:16:57 [scrapy.extensions.logstats] INFO: Crawled 325 pages (at 27 pages/min), scraped 0 items (at 0 items/min)
2017-01-21 15:17:00 [Cnnvd] INFO: http://www.cnnvd.org.cn/vulnerability/show/cv_id/2015010757
2017-01-21 15:17:02 [Cnnvd] INFO: http://www.cnnvd.org.cn/vulnerability/show/cv_id/2014120646
2017-01-21 15:17:05 [Cnnvd] INFO: http://www.cnnvd.org.cn/vulnerability/show/cv_id/2015010758
2017-01-21 15:17:07 [Cnnvd] INFO: http://www.cnnvd.org.cn/vulnerability/show/cv_id/2015010759
2017-01-21 15:17:11 [Cnnvd] INFO: http://www.cnnvd.org.cn/vulnerability/show/cv_id/2015010760
2017-01-21 15:17:14 [Cnnvd] INFO: http://www.cnnvd.org.cn/vulnerability/show/cv_id/2015030335
2017-01-21 15:17:16 [Cnnvd] INFO: http://www.cnnvd.org.cn/vulnerability/show/cv_id/2015030343
2017-01-21 15:17:21 [Cnnvd] INFO: http://www.cnnvd.org.cn/vulnerability/show/cv_id/2015030344
2017-01-21 15:17:24 [Cnnvd] INFO: http://www.cnnvd.org.cn/vulnerability/show/cv_id/2015030657
2017-01-21 15:17:26 [Cnnvd] INFO: http://www.cnnvd.org.cn/vulnerability/show/cv_id/2015030658
2017-01-21 15:17:29 [Cnnvd] INFO: http://www.cnnvd.org.cn/vulnerability/show/cv_id/2015040604
2017-01-21 15:17:32 [Cnnvd] INFO: http://www.cnnvd.org.cn/vulnerability/show/cv_id/2015040605
2017-01-21 15:17:36 [Cnnvd] INFO: http://www.cnnvd.org.cn/vulnerability/show/cv_id/2014070779
2017-01-21 15:17:39 [Cnnvd] INFO: http://www.cnnvd.org.cn/vulnerability/show/cv_id/2014070780
2017-01-21 15:17:41 [Cnnvd] INFO: http://www.cnnvd.org.cn/vulnerability/show/cv_id/2014080525
2017-01-21 15:17:46 [Cnnvd] INFO: http://www.cnnvd.org.cn/vulnerability/show/cv_id/2014080526
2017-01-21 15:17:49 [Cnnvd] INFO: http://www.cnnvd.org.cn/vulnerability/show/cv_id/2014080527
2017-01-21 15:17:52 [Cnnvd] INFO: http://www.cnnvd.org.cn/vulnerability/show/cv_id/2014080528
2017-01-21 15:17:54 [Cnnvd] INFO: http://www.cnnvd.org.cn/vulnerability/show/cv_id/2014080529
2017-01-21 15:17:57 [Cnnvd] INFO: http://www.cnnvd.org.cn/vulnerability/show/cv_id/2014080530
2017-01-21 15:17:57 [scrapy.extensions.logstats] INFO: Crawled 350 pages (at 25 pages/min), scraped 0 items (at 0 items/min)
2017-01-21 15:18:00 [Cnnvd] INFO: http://www.cnnvd.org.cn/vulnerability/show/cv_id/2014080531
2017-01-21 15:18:02 [Cnnvd] INFO: http://www.cnnvd.org.cn/vulnerability/show/cv_id/2014080532
2017-01-21 15:18:05 [Cnnvd] INFO: http://www.cnnvd.org.cn/vulnerability/show/cv_id/2014091198
2017-01-21 15:18:07 [Cnnvd] INFO: http://www.cnnvd.org.cn/vulnerability/show/cv_id/2014091199
2017-01-21 15:18:10 [Cnnvd] INFO: http://www.cnnvd.org.cn/vulnerability/show/cv_id/2014091200
2017-01-21 15:18:13 [Cnnvd] INFO: http://www.cnnvd.org.cn/vulnerability/show/cv_id/2014091201
2017-01-21 15:18:15 [Cnnvd] INFO: http://www.cnnvd.org.cn/vulnerability/show/cv_id/2016010716
2017-01-21 15:18:18 [Cnnvd] INFO: http://www.cnnvd.org.cn/vulnerability/show/cv_id/2016010715
2017-01-21 15:18:20 [Cnnvd] INFO: http://www.cnnvd.org.cn/vulnerability/show/cv_id/2016010717
2017-01-21 15:18:23 [Cnnvd] INFO: http://www.cnnvd.org.cn/vulnerability/show/cv_id/2016010718
2017-01-21 15:18:27 [Cnnvd] INFO: http://www.cnnvd.org.cn/vulnerability/show/cv_id/2016010719
2017-01-21 15:18:30 [Cnnvd] INFO: http://www.cnnvd.org.cn/vulnerability/show/cv_id/2016020384
2017-01-21 15:18:32 [Cnnvd] INFO: http://www.cnnvd.org.cn/vulnerability/show/cv_id/2016010720
2017-01-21 15:18:36 [Cnnvd] INFO: http://www.cnnvd.org.cn/vulnerability/show/cv_id/2016020521
2017-01-21 15:18:38 [Cnnvd] INFO: http://www.cnnvd.org.cn/vulnerability/show/cv_id/2016020525
2017-01-21 15:18:41 [Cnnvd] INFO: http://www.cnnvd.org.cn/vulnerability/show/cv_id/2016030297
2017-01-21 15:18:44 [Cnnvd] INFO: http://www.cnnvd.org.cn/vulnerability/show/cv_id/2016030466
2017-01-21 15:18:47 [Cnnvd] INFO: http://www.cnnvd.org.cn/vulnerability/show/cv_id/2016030469
2017-01-21 15:18:50 [Cnnvd] INFO: http://www.cnnvd.org.cn/vulnerability/show/cv_id/2016030470
2017-01-21 15:18:53 [Cnnvd] INFO: http://www.cnnvd.org.cn/vulnerability/show/cv_id/2016030471
2017-01-21 15:18:55 [Cnnvd] INFO: http://www.cnnvd.org.cn/vulnerability/show/cv_id/2016030472
2017-01-21 15:18:57 [scrapy.extensions.logstats] INFO: Crawled 374 pages (at 24 pages/min), scraped 0 items (at 0 items/min)
2017-01-21 15:18:58 [Cnnvd] INFO: http://www.cnnvd.org.cn/vulnerability/show/cv_id/2016030473
2017-01-21 15:19:01 [Cnnvd] INFO: http://www.cnnvd.org.cn/vulnerability/show/cv_id/2016030474
2017-01-21 15:19:04 [Cnnvd] INFO: http://www.cnnvd.org.cn/vulnerability/show/cv_id/2016030475
2017-01-21 15:19:10 [Cnnvd] INFO: http://www.cnnvd.org.cn/vulnerability/show/cv_id/2016040633
2017-01-21 15:19:13 [Cnnvd] INFO: http://www.cnnvd.org.cn/vulnerability/show/cv_id/2016040634
2017-01-21 15:19:16 [Cnnvd] INFO: http://www.cnnvd.org.cn/vulnerability/show/cv_id/2016040635
2017-01-21 15:19:18 [Cnnvd] INFO: http://www.cnnvd.org.cn/vulnerability/show/cv_id/2016040637
2017-01-21 15:19:21 [Cnnvd] INFO: http://www.cnnvd.org.cn/vulnerability/show/cv_id/2016050719
2017-01-21 15:19:25 [Cnnvd] INFO: http://www.cnnvd.org.cn/vulnerability/show/cv_id/2016050720
2017-01-21 15:19:27 [Cnnvd] INFO: http://www.cnnvd.org.cn/vulnerability/show/cv_id/2016050721
2017-01-21 15:19:30 [Cnnvd] INFO: http://www.cnnvd.org.cn/vulnerability/show/cv_id/2016050722
2017-01-21 15:19:33 [Cnnvd] INFO: http://www.cnnvd.org.cn/vulnerability/show/cv_id/2016060499
2017-01-21 15:19:35 [Cnnvd] INFO: http://www.cnnvd.org.cn/vulnerability/show/cv_id/2016060501
2017-01-21 15:19:38 [Cnnvd] INFO: http://www.cnnvd.org.cn/vulnerability/show/cv_id/2016080483
2017-01-21 15:19:40 [Cnnvd] INFO: http://www.cnnvd.org.cn/vulnerability/show/cv_id/2016080484
2017-01-21 15:19:44 [Cnnvd] INFO: http://www.cnnvd.org.cn/vulnerability/show/cv_id/2016080497
2017-01-21 15:19:46 [Cnnvd] INFO: http://www.cnnvd.org.cn/vulnerability/show/cv_id/2016120495
2017-01-21 15:19:52 [Cnnvd] INFO: http://www.cnnvd.org.cn/vulnerability/show/cv_id/2016120496
2017-01-21 15:19:55 [Cnnvd] INFO: http://www.cnnvd.org.cn/vulnerability/show/cv_id/2016120498
2017-01-21 15:19:57 [scrapy.extensions.logstats] INFO: Crawled 400 pages (at 26 pages/min), scraped 0 items (at 0 items/min)
2017-01-21 15:19:58 [Cnnvd] INFO: http://www.cnnvd.org.cn/vulnerability/show/cv_id/2016120497
2017-01-21 15:20:00 [Cnnvd] INFO: http://www.cnnvd.org.cn/vulnerability/show/cv_id/2016120499
2017-01-21 15:20:03 [Cnnvd] INFO: http://www.cnnvd.org.cn/vulnerability/show/cv_id/2016120500
2017-01-21 15:20:07 [Cnnvd] INFO: http://www.cnnvd.org.cn/vulnerability/show/cv_id/2016120501
2017-01-21 15:20:10 [Cnnvd] INFO: http://www.cnnvd.org.cn/vulnerability/show/cv_id/2016120502
2017-01-21 15:20:13 [Cnnvd] INFO: http://www.cnnvd.org.cn/vulnerability/show/cv_id/2016120503
2017-01-21 15:20:16 [Cnnvd] INFO: http://www.cnnvd.org.cn/vulnerability/show/cv_id/2016120504
2017-01-21 15:20:19 [Cnnvd] INFO: http://www.cnnvd.org.cn/vulnerability/show/cv_id/2016120505
2017-01-21 15:20:22 [Cnnvd] INFO: http://www.cnnvd.org.cn/vulnerability/show/cv_id/2016120506
2017-01-21 15:20:25 [Cnnvd] INFO: http://www.cnnvd.org.cn/vulnerability/show/cv_id/2016120507
2017-01-21 15:20:26 [Cnnvd] INFO: http://www.cnnvd.org.cn/vulnerability/show/cv_id/2016120508
2017-01-21 15:20:32 [Cnnvd] INFO: http://www.cnnvd.org.cn/vulnerability/show/cv_id/2016120388
2017-01-21 15:20:32 [Cnnvd] INFO: http://www.cnnvd.org.cn/vulnerability/show/cv_id/2016120389
2017-01-21 15:20:35 [Cnnvd] INFO: http://www.cnnvd.org.cn/vulnerability/show/cv_id/2016120391
2017-01-21 15:20:39 [Cnnvd] INFO: http://www.cnnvd.org.cn/vulnerability/show/cv_id/2016120392
2017-01-21 15:20:41 [Cnnvd] INFO: http://www.cnnvd.org.cn/vulnerability/show/cv_id/2016120390
2017-01-21 15:20:44 [Cnnvd] INFO: http://www.cnnvd.org.cn/vulnerability/show/cv_id/2016120393
2017-01-21 15:20:48 [Cnnvd] INFO: http://www.cnnvd.org.cn/vulnerability/show/cv_id/2016120394
2017-01-21 15:20:52 [Cnnvd] INFO: http://www.cnnvd.org.cn/vulnerability/show/cv_id/2016120395
2017-01-21 15:20:56 [Cnnvd] INFO: http://www.cnnvd.org.cn/vulnerability/show/cv_id/2016120396
2017-01-21 15:20:57 [scrapy.extensions.logstats] INFO: Crawled 425 pages (at 25 pages/min), scraped 0 items (at 0 items/min)
2017-01-21 15:20:59 [Cnnvd] INFO: http://www.cnnvd.org.cn/vulnerability/show/cv_id/2016120397
2017-01-21 15:21:02 [Cnnvd] INFO: http://www.cnnvd.org.cn/vulnerability/show/cv_id/2016120398
2017-01-21 15:21:05 [Cnnvd] INFO: http://www.cnnvd.org.cn/vulnerability/show/cv_id/2016120399
2017-01-21 15:21:12 [Cnnvd] INFO: http://www.cnnvd.org.cn/vulnerability/show/cv_id/2016120348
2017-01-21 15:21:12 [Cnnvd] INFO: http://www.cnnvd.org.cn/vulnerability/show/cv_id/2016120349
2017-01-21 15:21:13 [Cnnvd] INFO: http://www.cnnvd.org.cn/vulnerability/show/cv_id/2016120351
2017-01-21 15:21:14 [Cnnvd] INFO: http://www.cnnvd.org.cn/vulnerability/show/cv_id/2016120350
2017-01-21 15:21:14 [Cnnvd] INFO: http://www.cnnvd.org.cn/vulnerability/show/cv_id/2016120352
2017-01-21 15:21:15 [Cnnvd] INFO: http://www.cnnvd.org.cn/vulnerability/show/cv_id/2016120353
2017-01-21 15:21:15 [Cnnvd] INFO: http://www.cnnvd.org.cn/vulnerability/show/cv_id/2016120354
2017-01-21 15:21:16 [Cnnvd] INFO: http://www.cnnvd.org.cn/vulnerability/show/cv_id/2016120355
2017-01-21 15:21:22 [Cnnvd] INFO: http://www.cnnvd.org.cn/vulnerability/show/cv_id/2016120232
2017-01-21 15:21:25 [Cnnvd] INFO: http://www.cnnvd.org.cn/vulnerability/show/cv_id/2016120233
2017-01-21 15:21:28 [Cnnvd] INFO: http://www.cnnvd.org.cn/vulnerability/show/cv_id/2016120234
2017-01-21 15:21:33 [Cnnvd] INFO: http://www.cnnvd.org.cn/vulnerability/show/cv_id/2016120235
2017-01-21 15:21:35 [Cnnvd] INFO: http://www.cnnvd.org.cn/vulnerability/show/cv_id/2016120236
2017-01-21 15:21:38 [Cnnvd] INFO: http://www.cnnvd.org.cn/vulnerability/show/cv_id/2016120237
2017-01-21 15:21:40 [Cnnvd] INFO: http://www.cnnvd.org.cn/vulnerability/show/cv_id/2016120238
2017-01-21 15:21:43 [Cnnvd] INFO: http://www.cnnvd.org.cn/vulnerability/show/cv_id/2016120239
2017-01-21 15:21:46 [Cnnvd] INFO: http://www.cnnvd.org.cn/vulnerability/show/cv_id/2016120240
2017-01-21 15:21:48 [Cnnvd] INFO: http://www.cnnvd.org.cn/vulnerability/show/cv_id/2016071104
2017-01-21 15:21:54 [Cnnvd] INFO: http://www.cnnvd.org.cn/vulnerability/show/cv_id/2016110409
2017-01-21 15:21:56 [Cnnvd] INFO: http://www.cnnvd.org.cn/vulnerability/show/cv_id/2016110410
2017-01-21 15:21:57 [scrapy.extensions.logstats] INFO: Crawled 460 pages (at 35 pages/min), scraped 0 items (at 0 items/min)
2017-01-21 15:22:00 [Cnnvd] INFO: http://www.cnnvd.org.cn/vulnerability/show/cv_id/2016110411
2017-01-21 15:22:03 [Cnnvd] INFO: http://www.cnnvd.org.cn/vulnerability/show/cv_id/2016110412
2017-01-21 15:22:05 [Cnnvd] INFO: http://www.cnnvd.org.cn/vulnerability/show/cv_id/2016110413
2017-01-21 15:22:09 [Cnnvd] INFO: http://www.cnnvd.org.cn/vulnerability/show/cv_id/2016110414
2017-01-21 15:22:12 [Cnnvd] INFO: http://www.cnnvd.org.cn/vulnerability/show/cv_id/2016110415
2017-01-21 15:22:14 [Cnnvd] INFO: http://www.cnnvd.org.cn/vulnerability/show/cv_id/2016110426
2017-01-21 15:22:17 [Cnnvd] INFO: http://www.cnnvd.org.cn/vulnerability/show/cv_id/2016120094
2017-01-21 15:22:20 [Cnnvd] INFO: http://www.cnnvd.org.cn/vulnerability/show/cv_id/2016120095
2017-01-21 15:22:24 [Cnnvd] INFO: http://www.cnnvd.org.cn/vulnerability/show/cv_id/2016120096
2017-01-21 15:22:26 [Cnnvd] INFO: http://www.cnnvd.org.cn/vulnerability/show/cv_id/2016120097
2017-01-21 15:22:32 [Cnnvd] INFO: http://www.cnnvd.org.cn/vulnerability/show/cv_id/2016120093
2017-01-21 15:22:32 [Cnnvd] INFO: http://www.cnnvd.org.cn/vulnerability/show/cv_id/2016120132
2017-01-21 15:22:33 [Cnnvd] INFO: http://www.cnnvd.org.cn/vulnerability/show/cv_id/2016120142
2017-01-21 15:22:33 [Cnnvd] INFO: http://www.cnnvd.org.cn/vulnerability/show/cv_id/2016120143
2017-01-21 15:22:36 [Cnnvd] INFO: http://www.cnnvd.org.cn/vulnerability/show/cv_id/2016120145
2017-01-21 15:22:37 [Cnnvd] INFO: http://www.cnnvd.org.cn/vulnerability/show/cv_id/2016120144
2017-01-21 15:22:39 [Cnnvd] INFO: http://www.cnnvd.org.cn/vulnerability/show/cv_id/2016120146
2017-01-21 15:22:42 [Cnnvd] INFO: http://www.cnnvd.org.cn/vulnerability/show/cv_id/2016100040
2017-01-21 15:22:44 [Cnnvd] INFO: http://www.cnnvd.org.cn/vulnerability/show/cv_id/2016100042
2017-01-21 15:22:47 [Cnnvd] INFO: http://www.cnnvd.org.cn/vulnerability/show/cv_id/2016100062
2017-01-21 15:22:50 [Cnnvd] INFO: http://www.cnnvd.org.cn/vulnerability/show/cv_id/2016110047
2017-01-21 15:22:52 [Cnnvd] INFO: http://www.cnnvd.org.cn/vulnerability/show/cv_id/2016110425
2017-01-21 15:22:55 [Cnnvd] INFO: http://www.cnnvd.org.cn/vulnerability/show/cv_id/2016110580
2017-01-21 15:22:57 [scrapy.extensions.logstats] INFO: Crawled 491 pages (at 31 pages/min), scraped 0 items (at 0 items/min)
2017-01-21 15:22:57 [Cnnvd] INFO: http://www.cnnvd.org.cn/vulnerability/show/cv_id/2016120030
2017-01-21 15:23:01 [Cnnvd] INFO: http://www.cnnvd.org.cn/vulnerability/show/cv_id/2016120031
2017-01-21 15:23:04 [Cnnvd] INFO: http://www.cnnvd.org.cn/vulnerability/show/cv_id/2016120032
2017-01-21 15:23:08 [Cnnvd] INFO: http://www.cnnvd.org.cn/vulnerability/show/cv_id/2016120033
2017-01-21 15:23:10 [Cnnvd] INFO: http://www.cnnvd.org.cn/vulnerability/show/cv_id/2016120034
2017-01-21 15:23:13 [Cnnvd] INFO: http://www.cnnvd.org.cn/vulnerability/show/cv_id/2016120035
2017-01-21 15:23:15 [Cnnvd] INFO: http://www.cnnvd.org.cn/vulnerability/show/cv_id/2016120036
2017-01-21 15:23:18 [Cnnvd] INFO: http://www.cnnvd.org.cn/vulnerability/show/cv_id/2016120037
2017-01-21 15:23:21 [Cnnvd] INFO: http://www.cnnvd.org.cn/vulnerability/show/cv_id/2016120038
2017-01-21 15:23:23 [Cnnvd] INFO: http://www.cnnvd.org.cn/vulnerability/show/cv_id/2016120039
2017-01-21 15:23:26 [Cnnvd] INFO: http://www.cnnvd.org.cn/vulnerability/show/cv_id/2016120040
2017-01-21 15:23:28 [Cnnvd] INFO: http://www.cnnvd.org.cn/vulnerability/show/cv_id/2016120067
2017-01-21 15:23:29 [Cnnvd] INFO: http://www.cnnvd.org.cn/vulnerability/show/cv_id/2016120069
2017-01-21 15:23:30 [Cnnvd] INFO: http://www.cnnvd.org.cn/vulnerability/show/cv_id/2016120070
2017-01-21 15:23:31 [Cnnvd] INFO: http://www.cnnvd.org.cn/vulnerability/show/cv_id/2016120071
2017-01-21 15:23:32 [Cnnvd] INFO: http://www.cnnvd.org.cn/vulnerability/show/cv_id/2016120072
2017-01-21 15:23:34 [Cnnvd] INFO: http://www.cnnvd.org.cn/vulnerability/show/cv_id/2016120013
2017-01-21 15:23:37 [Cnnvd] INFO: http://www.cnnvd.org.cn/vulnerability/show/cv_id/2016120014
2017-01-21 15:23:39 [Cnnvd] INFO: http://www.cnnvd.org.cn/vulnerability/show/cv_id/2016120012
2017-01-21 15:23:42 [Cnnvd] INFO: http://www.cnnvd.org.cn/vulnerability/show/cv_id/2016120015
2017-01-21 15:23:45 [Cnnvd] INFO: http://www.cnnvd.org.cn/vulnerability/show/cv_id/2016120016
2017-01-21 15:23:51 [Cnnvd] INFO: http://www.cnnvd.org.cn/vulnerability/show/cv_id/2016120017
2017-01-21 15:23:54 [Cnnvd] INFO: http://www.cnnvd.org.cn/vulnerability/show/cv_id/2016110581
2017-01-21 15:23:56 [Cnnvd] INFO: http://www.cnnvd.org.cn/vulnerability/show/cv_id/2016110582
2017-01-21 15:23:57 [scrapy.extensions.logstats] INFO: Crawled 519 pages (at 28 pages/min), scraped 0 items (at 0 items/min)
2017-01-21 15:23:59 [Cnnvd] INFO: http://www.cnnvd.org.cn/vulnerability/show/cv_id/2016110583
2017-01-21 15:24:02 [Cnnvd] INFO: http://www.cnnvd.org.cn/vulnerability/show/cv_id/2016110584
2017-01-21 15:24:04 [Cnnvd] INFO: http://www.cnnvd.org.cn/vulnerability/show/cv_id/2016110585
2017-01-21 15:24:07 [Cnnvd] INFO: http://www.cnnvd.org.cn/vulnerability/show/cv_id/2016110586
2017-01-21 15:24:09 [Cnnvd] INFO: http://www.cnnvd.org.cn/vulnerability/show/cv_id/2016110587
2017-01-21 15:24:12 [Cnnvd] INFO: http://www.cnnvd.org.cn/vulnerability/show/cv_id/2016110588
2017-01-21 15:24:15 [Cnnvd] INFO: http://www.cnnvd.org.cn/vulnerability/show/cv_id/2016110589
2017-01-21 15:24:17 [Cnnvd] INFO: http://www.cnnvd.org.cn/vulnerability/show/cv_id/2016110590
2017-01-21 15:24:20 [Cnnvd] INFO: http://www.cnnvd.org.cn/vulnerability/show/cv_id/2016110591
2017-01-21 15:24:21 [Cnnvd] INFO: http://www.cnnvd.org.cn/vulnerability/show/cv_id/2016110592
2017-01-21 15:24:23 [Cnnvd] INFO: http://www.cnnvd.org.cn/vulnerability/show/cv_id/2016110593
2017-01-21 15:24:26 [Cnnvd] INFO: http://www.cnnvd.org.cn/vulnerability/show/cv_id/2016110373
2017-01-21 15:24:28 [Cnnvd] INFO: http://www.cnnvd.org.cn/vulnerability/show/cv_id/2016110371
2017-01-21 15:24:31 [Cnnvd] INFO: http://www.cnnvd.org.cn/vulnerability/show/cv_id/2016110374
2017-01-21 15:24:34 [Cnnvd] INFO: http://www.cnnvd.org.cn/vulnerability/show/cv_id/2016110372
2017-01-21 15:24:36 [Cnnvd] INFO: http://www.cnnvd.org.cn/vulnerability/show/cv_id/2016110375
2017-01-21 15:24:39 [Cnnvd] INFO: http://www.cnnvd.org.cn/vulnerability/show/cv_id/2016110376
2017-01-21 15:24:45 [Cnnvd] INFO: http://www.cnnvd.org.cn/vulnerability/show/cv_id/2016110377
2017-01-21 15:24:46 [Cnnvd] INFO: http://www.cnnvd.org.cn/vulnerability/show/cv_id/2016110378
2017-01-21 15:24:49 [Cnnvd] INFO: http://www.cnnvd.org.cn/vulnerability/show/cv_id/2016110379
2017-01-21 15:24:52 [Cnnvd] INFO: http://www.cnnvd.org.cn/vulnerability/show/cv_id/2016110380
2017-01-21 15:24:53 [Cnnvd] INFO: http://www.cnnvd.org.cn/vulnerability/show/cv_id/2016110384
2017-01-21 15:24:53 [Cnnvd] INFO: http://www.cnnvd.org.cn/vulnerability/show/cv_id/2016110385
2017-01-21 15:24:55 [Cnnvd] INFO: http://www.cnnvd.org.cn/vulnerability/show/cv_id/2016110386
2017-01-21 15:24:55 [Cnnvd] INFO: http://www.cnnvd.org.cn/vulnerability/show/cv_id/2016110387
2017-01-21 15:24:57 [Cnnvd] INFO: http://www.cnnvd.org.cn/vulnerability/show/cv_id/2016110388
2017-01-21 15:24:57 [scrapy.extensions.logstats] INFO: Crawled 552 pages (at 33 pages/min), scraped 0 items (at 0 items/min)
2017-01-21 15:24:57 [Cnnvd] INFO: http://www.cnnvd.org.cn/vulnerability/show/cv_id/2016110389
2017-01-21 15:25:00 [Cnnvd] INFO: http://www.cnnvd.org.cn/vulnerability/show/cv_id/2016110438
2017-01-21 15:25:05 [Cnnvd] INFO: http://www.cnnvd.org.cn/vulnerability/show/cv_id/2016110355
2017-01-21 15:25:08 [Cnnvd] INFO: http://www.cnnvd.org.cn/vulnerability/show/cv_id/2016110356
2017-01-21 15:25:11 [Cnnvd] INFO: http://www.cnnvd.org.cn/vulnerability/show/cv_id/2016110357
2017-01-21 15:25:13 [Cnnvd] INFO: http://www.cnnvd.org.cn/vulnerability/show/cv_id/2016110360
2017-01-21 15:25:16 [Cnnvd] INFO: http://www.cnnvd.org.cn/vulnerability/show/cv_id/2016110359
2017-01-21 15:25:18 [Cnnvd] INFO: http://www.cnnvd.org.cn/vulnerability/show/cv_id/2016110358
2017-01-21 15:25:21 [Cnnvd] INFO: http://www.cnnvd.org.cn/vulnerability/show/cv_id/2016110362
2017-01-21 15:25:24 [Cnnvd] INFO: http://www.cnnvd.org.cn/vulnerability/show/cv_id/2016110381
2017-01-21 15:25:29 [Cnnvd] INFO: http://www.cnnvd.org.cn/vulnerability/show/cv_id/2016110294
2017-01-21 15:25:29 [Cnnvd] INFO: http://www.cnnvd.org.cn/vulnerability/show/cv_id/2016110234
2017-01-21 15:25:30 [Cnnvd] INFO: http://www.cnnvd.org.cn/vulnerability/show/cv_id/2016110233
2017-01-21 15:25:30 [Cnnvd] INFO: http://www.cnnvd.org.cn/vulnerability/show/cv_id/2016110238
2017-01-21 15:25:33 [Cnnvd] INFO: http://www.cnnvd.org.cn/vulnerability/show/cv_id/2016110239
2017-01-21 15:25:34 [Cnnvd] INFO: http://www.cnnvd.org.cn/vulnerability/show/cv_id/2016110241
2017-01-21 15:25:38 [Cnnvd] INFO: http://www.cnnvd.org.cn/vulnerability/show/cv_id/2016110264
2017-01-21 15:25:40 [Cnnvd] INFO: http://www.cnnvd.org.cn/vulnerability/show/cv_id/2016110265
2017-01-21 15:25:41 [Cnnvd] INFO: http://www.cnnvd.org.cn/vulnerability/show/cv_id/2016110300
2017-01-21 15:25:42 [Cnnvd] INFO: http://www.cnnvd.org.cn/vulnerability/show/cv_id/2016110301
2017-01-21 15:25:45 [Cnnvd] INFO: http://www.cnnvd.org.cn/vulnerability/show/cv_id/2016110170
2017-01-21 15:25:45 [Cnnvd] INFO: http://www.cnnvd.org.cn/vulnerability/show/cv_id/2016110171
2017-01-21 15:25:47 [Cnnvd] INFO: http://www.cnnvd.org.cn/vulnerability/show/cv_id/2016110172
2017-01-21 15:25:48 [Cnnvd] INFO: http://www.cnnvd.org.cn/vulnerability/show/cv_id/2016110173
2017-01-21 15:25:49 [Cnnvd] INFO: http://www.cnnvd.org.cn/vulnerability/show/cv_id/2016110174
2017-01-21 15:25:49 [Cnnvd] INFO: http://www.cnnvd.org.cn/vulnerability/show/cv_id/2016110176
2017-01-21 15:25:50 [Cnnvd] INFO: http://www.cnnvd.org.cn/vulnerability/show/cv_id/2016110175
2017-01-21 15:25:54 [Cnnvd] INFO: http://www.cnnvd.org.cn/vulnerability/show/cv_id/2016110177
2017-01-21 15:25:54 [Cnnvd] INFO: http://www.cnnvd.org.cn/vulnerability/show/cv_id/2016110178
2017-01-21 15:25:57 [Cnnvd] INFO: http://www.cnnvd.org.cn/vulnerability/show/cv_id/2016071103
2017-01-21 15:25:57 [scrapy.extensions.logstats] INFO: Crawled 595 pages (at 43 pages/min), scraped 0 items (at 0 items/min)
2017-01-21 15:26:01 [Cnnvd] INFO: http://www.cnnvd.org.cn/vulnerability/show/cv_id/2016080502
2017-01-21 15:26:06 [Cnnvd] INFO: http://www.cnnvd.org.cn/vulnerability/show/cv_id/2016080503
2017-01-21 15:26:09 [Cnnvd] INFO: http://www.cnnvd.org.cn/vulnerability/show/cv_id/2016080504
2017-01-21 15:26:11 [Cnnvd] INFO: http://www.cnnvd.org.cn/vulnerability/show/cv_id/2016080552
2017-01-21 15:26:14 [Cnnvd] INFO: http://www.cnnvd.org.cn/vulnerability/show/cv_id/2016090440
2017-01-21 15:26:17 [Cnnvd] INFO: http://www.cnnvd.org.cn/vulnerability/show/cv_id/2016090679
2017-01-21 15:26:23 [Cnnvd] INFO: http://www.cnnvd.org.cn/vulnerability/show/cv_id/2016100913
2017-01-21 15:26:27 [Cnnvd] INFO: http://www.cnnvd.org.cn/vulnerability/show/cv_id/2016100914
2017-01-21 15:26:29 [Cnnvd] INFO: http://www.cnnvd.org.cn/vulnerability/show/cv_id/2016110001
2017-01-21 15:26:29 [Cnnvd] INFO: http://www.cnnvd.org.cn/vulnerability/show/cv_id/2016110002
2017-01-21 15:26:30 [Cnnvd] INFO: http://www.cnnvd.org.cn/vulnerability/show/cv_id/2016110003
2017-01-21 15:26:30 [Cnnvd] INFO: http://www.cnnvd.org.cn/vulnerability/show/cv_id/2016110004
2017-01-21 15:26:32 [Cnnvd] INFO: http://www.cnnvd.org.cn/vulnerability/show/cv_id/2016110005
2017-01-21 15:26:33 [Cnnvd] INFO: http://www.cnnvd.org.cn/vulnerability/show/cv_id/2016110006
2017-01-21 15:26:33 [Cnnvd] INFO: http://www.cnnvd.org.cn/vulnerability/show/cv_id/2016110007
2017-01-21 15:26:34 [Cnnvd] INFO: http://www.cnnvd.org.cn/vulnerability/show/cv_id/2016110008
2017-01-21 15:26:38 [Cnnvd] INFO: http://www.cnnvd.org.cn/vulnerability/show/cv_id/2016100816
2017-01-21 15:26:44 [Cnnvd] INFO: http://www.cnnvd.org.cn/vulnerability/show/cv_id/2016100817
2017-01-21 15:26:47 [Cnnvd] INFO: http://www.cnnvd.org.cn/vulnerability/show/cv_id/2016100819
2017-01-21 15:26:47 [Cnnvd] INFO: http://www.cnnvd.org.cn/vulnerability/show/cv_id/2016100818
2017-01-21 15:26:50 [Cnnvd] INFO: http://www.cnnvd.org.cn/vulnerability/show/cv_id/2016100820
2017-01-21 15:26:53 [Cnnvd] INFO: http://www.cnnvd.org.cn/vulnerability/show/cv_id/2016100821
2017-01-21 15:26:54 [Cnnvd] INFO: http://www.cnnvd.org.cn/vulnerability/show/cv_id/2016100822
2017-01-21 15:26:57 [scrapy.extensions.logstats] INFO: Crawled 631 pages (at 36 pages/min), scraped 0 items (at 0 items/min)
2017-01-21 15:26:58 [Cnnvd] INFO: http://www.cnnvd.org.cn/vulnerability/show/cv_id/2016100823
2017-01-21 15:27:00 [Cnnvd] INFO: http://www.cnnvd.org.cn/vulnerability/show/cv_id/2016100824
2017-01-21 15:27:01 [Cnnvd] INFO: http://www.cnnvd.org.cn/vulnerability/show/cv_id/2016100825
2017-01-21 15:27:02 [Cnnvd] INFO: http://www.cnnvd.org.cn/vulnerability/show/cv_id/2016100826
2017-01-21 15:27:07 [Cnnvd] INFO: http://www.cnnvd.org.cn/vulnerability/show/cv_id/2016100833
2017-01-21 15:27:07 [Cnnvd] INFO: http://www.cnnvd.org.cn/vulnerability/show/cv_id/2016100834
2017-01-21 15:27:08 [Cnnvd] INFO: http://www.cnnvd.org.cn/vulnerability/show/cv_id/2016100835
2017-01-21 15:27:08 [Cnnvd] INFO: http://www.cnnvd.org.cn/vulnerability/show/cv_id/2016100836
2017-01-21 15:27:09 [Cnnvd] INFO: http://www.cnnvd.org.cn/vulnerability/show/cv_id/2016100837
2017-01-21 15:27:10 [Cnnvd] INFO: http://www.cnnvd.org.cn/vulnerability/show/cv_id/2016100838
2017-01-21 15:27:11 [Cnnvd] INFO: http://www.cnnvd.org.cn/vulnerability/show/cv_id/2016100839
2017-01-21 15:27:11 [Cnnvd] INFO: http://www.cnnvd.org.cn/vulnerability/show/cv_id/2016100840
2017-01-21 15:27:12 [Cnnvd] INFO: http://www.cnnvd.org.cn/vulnerability/show/cv_id/2016100841
2017-01-21 15:27:13 [Cnnvd] INFO: http://www.cnnvd.org.cn/vulnerability/show/cv_id/2016100842
2017-01-21 15:27:13 [Cnnvd] INFO: http://www.cnnvd.org.cn/vulnerability/show/cv_id/2016100843
2017-01-21 15:27:16 [Cnnvd] INFO: http://www.cnnvd.org.cn/vulnerability/show/cv_id/2016100664
2017-01-21 15:27:19 [Cnnvd] INFO: http://www.cnnvd.org.cn/vulnerability/show/cv_id/2016100680
2017-01-21 15:27:20 [Cnnvd] INFO: http://www.cnnvd.org.cn/vulnerability/show/cv_id/2016100683
2017-01-21 15:27:21 [Cnnvd] INFO: http://www.cnnvd.org.cn/vulnerability/show/cv_id/2016100684
2017-01-21 15:27:22 [Cnnvd] INFO: http://www.cnnvd.org.cn/vulnerability/show/cv_id/2016100685
2017-01-21 15:27:24 [Cnnvd] INFO: http://www.cnnvd.org.cn/vulnerability/show/cv_id/2016100686
2017-01-21 15:27:24 [Cnnvd] INFO: http://www.cnnvd.org.cn/vulnerability/show/cv_id/2016100687
2017-01-21 15:27:24 [Cnnvd] INFO: http://www.cnnvd.org.cn/vulnerability/show/cv_id/2016100688
2017-01-21 15:27:25 [Cnnvd] INFO: http://www.cnnvd.org.cn/vulnerability/show/cv_id/2016100689
2017-01-21 15:27:26 [Cnnvd] INFO: http://www.cnnvd.org.cn/vulnerability/show/cv_id/2016100690
2017-01-21 15:27:28 [Cnnvd] INFO: http://www.cnnvd.org.cn/vulnerability/show/cv_id/2016100691
2017-01-21 15:27:32 [Cnnvd] INFO: http://www.cnnvd.org.cn/vulnerability/show/cv_id/2016100693
2017-01-21 15:27:32 [Cnnvd] INFO: http://www.cnnvd.org.cn/vulnerability/show/cv_id/2016100546
2017-01-21 15:27:33 [Cnnvd] INFO: http://www.cnnvd.org.cn/vulnerability/show/cv_id/2016100550
2017-01-21 15:27:34 [Cnnvd] INFO: http://www.cnnvd.org.cn/vulnerability/show/cv_id/2016100551
2017-01-21 15:27:35 [Cnnvd] INFO: http://www.cnnvd.org.cn/vulnerability/show/cv_id/2016100552
2017-01-21 15:27:35 [Cnnvd] INFO: http://www.cnnvd.org.cn/vulnerability/show/cv_id/2016100553
2017-01-21 15:27:36 [Cnnvd] INFO: http://www.cnnvd.org.cn/vulnerability/show/cv_id/2016100533
2017-01-21 15:27:42 [Cnnvd] INFO: http://www.cnnvd.org.cn/vulnerability/show/cv_id/2016100667
2017-01-21 15:27:47 [Cnnvd] INFO: http://www.cnnvd.org.cn/vulnerability/show/cv_id/2016100668
2017-01-21 15:27:50 [Cnnvd] INFO: http://www.cnnvd.org.cn/vulnerability/show/cv_id/2016100669
2017-01-21 15:27:51 [Cnnvd] INFO: http://www.cnnvd.org.cn/vulnerability/show/cv_id/2016100670
2017-01-21 15:27:53 [Cnnvd] INFO: http://www.cnnvd.org.cn/vulnerability/show/cv_id/2016100671
2017-01-21 15:27:56 [Cnnvd] INFO: http://www.cnnvd.org.cn/vulnerability/show/cv_id/2016100672
2017-01-21 15:27:57 [scrapy.extensions.logstats] INFO: Crawled 682 pages (at 51 pages/min), scraped 0 items (at 0 items/min)
2017-01-21 15:27:59 [Cnnvd] INFO: http://www.cnnvd.org.cn/vulnerability/show/cv_id/2016100673
2017-01-21 15:28:01 [Cnnvd] INFO: http://www.cnnvd.org.cn/vulnerability/show/cv_id/2016100674
2017-01-21 15:28:04 [Cnnvd] INFO: http://www.cnnvd.org.cn/vulnerability/show/cv_id/2016100675
2017-01-21 15:28:07 [Cnnvd] INFO: http://www.cnnvd.org.cn/vulnerability/show/cv_id/2016100513
2017-01-21 15:28:08 [Cnnvd] INFO: http://www.cnnvd.org.cn/vulnerability/show/cv_id/2016100514
2017-01-21 15:28:09 [Cnnvd] INFO: http://www.cnnvd.org.cn/vulnerability/show/cv_id/2016100515
2017-01-21 15:28:10 [Cnnvd] INFO: http://www.cnnvd.org.cn/vulnerability/show/cv_id/2016100516
2017-01-21 15:28:11 [Cnnvd] INFO: http://www.cnnvd.org.cn/vulnerability/show/cv_id/2016100517
2017-01-21 15:28:11 [Cnnvd] INFO: http://www.cnnvd.org.cn/vulnerability/show/cv_id/2016100518
2017-01-21 15:28:13 [Cnnvd] INFO: http://www.cnnvd.org.cn/vulnerability/show/cv_id/2016100519
2017-01-21 15:28:14 [Cnnvd] INFO: http://www.cnnvd.org.cn/vulnerability/show/cv_id/2016100520
2017-01-21 15:28:14 [Cnnvd] INFO: http://www.cnnvd.org.cn/vulnerability/show/cv_id/2016100521
2017-01-21 15:28:15 [Cnnvd] INFO: http://www.cnnvd.org.cn/vulnerability/show/cv_id/2016100522
2017-01-21 15:28:15 [Cnnvd] INFO: http://www.cnnvd.org.cn/vulnerability/show/cv_id/2016100523
2017-01-21 15:28:16 [Cnnvd] INFO: http://www.cnnvd.org.cn/vulnerability/show/cv_id/2016100524
2017-01-21 15:28:17 [Cnnvd] INFO: http://www.cnnvd.org.cn/vulnerability/show/cv_id/2016100525
2017-01-21 15:28:21 [Cnnvd] INFO: http://www.cnnvd.org.cn/vulnerability/show/cv_id/2016100273
2017-01-21 15:28:22 [Cnnvd] INFO: http://www.cnnvd.org.cn/vulnerability/show/cv_id/2016100274
2017-01-21 15:28:22 [Cnnvd] INFO: http://www.cnnvd.org.cn/vulnerability/show/cv_id/2016100276
2017-01-21 15:28:22 [Cnnvd] INFO: http://www.cnnvd.org.cn/vulnerability/show/cv_id/2016100275
2017-01-21 15:28:22 [Cnnvd] INFO: http://www.cnnvd.org.cn/vulnerability/show/cv_id/2016100277
2017-01-21 15:28:25 [Cnnvd] INFO: http://www.cnnvd.org.cn/vulnerability/show/cv_id/2016100278
2017-01-21 15:28:26 [Cnnvd] INFO: http://www.cnnvd.org.cn/vulnerability/show/cv_id/2016100279
2017-01-21 15:28:26 [Cnnvd] INFO: http://www.cnnvd.org.cn/vulnerability/show/cv_id/2016100280
2017-01-21 15:28:28 [Cnnvd] INFO: http://www.cnnvd.org.cn/vulnerability/show/cv_id/2016100281
2017-01-21 15:28:29 [Cnnvd] INFO: http://www.cnnvd.org.cn/vulnerability/show/cv_id/2016100282
2017-01-21 15:28:29 [Cnnvd] INFO: http://www.cnnvd.org.cn/vulnerability/show/cv_id/2016100283
2017-01-21 15:28:30 [Cnnvd] INFO: http://www.cnnvd.org.cn/vulnerability/show/cv_id/2016100284
2017-01-21 15:28:34 [Cnnvd] INFO: http://www.cnnvd.org.cn/vulnerability/show/cv_id/2016100452
2017-01-21 15:28:37 [Cnnvd] INFO: http://www.cnnvd.org.cn/vulnerability/show/cv_id/2016100453
2017-01-21 15:28:39 [Cnnvd] INFO: http://www.cnnvd.org.cn/vulnerability/show/cv_id/2016100454
2017-01-21 15:28:42 [Cnnvd] INFO: http://www.cnnvd.org.cn/vulnerability/show/cv_id/2016100455
2017-01-21 15:28:46 [Cnnvd] INFO: http://www.cnnvd.org.cn/vulnerability/show/cv_id/2016100456
2017-01-21 15:28:49 [Cnnvd] INFO: http://www.cnnvd.org.cn/vulnerability/show/cv_id/2016100457
2017-01-21 15:28:51 [Cnnvd] INFO: http://www.cnnvd.org.cn/vulnerability/show/cv_id/2016100458
2017-01-21 15:28:54 [Cnnvd] INFO: http://www.cnnvd.org.cn/vulnerability/show/cv_id/2016100459
2017-01-21 15:28:56 [Cnnvd] INFO: http://www.cnnvd.org.cn/vulnerability/show/cv_id/2016100460
2017-01-21 15:28:57 [scrapy.extensions.logstats] INFO: Crawled 732 pages (at 50 pages/min), scraped 0 items (at 0 items/min)
2017-01-21 15:28:59 [Cnnvd] INFO: http://www.cnnvd.org.cn/vulnerability/show/cv_id/2016100461
2017-01-21 15:29:01 [Cnnvd] INFO: http://www.cnnvd.org.cn/vulnerability/show/cv_id/2016100462
2017-01-21 15:29:03 [Cnnvd] INFO: http://www.cnnvd.org.cn/vulnerability/show/cv_id/2016100370
2017-01-21 15:29:06 [Cnnvd] INFO: http://www.cnnvd.org.cn/vulnerability/show/cv_id/2016100371
2017-01-21 15:29:06 [Cnnvd] INFO: http://www.cnnvd.org.cn/vulnerability/show/cv_id/2016100372
2017-01-21 15:29:07 [Cnnvd] INFO: http://www.cnnvd.org.cn/vulnerability/show/cv_id/2016100373
2017-01-21 15:29:07 [Cnnvd] INFO: http://www.cnnvd.org.cn/vulnerability/show/cv_id/2016100374
2017-01-21 15:29:08 [Cnnvd] INFO: http://www.cnnvd.org.cn/vulnerability/show/cv_id/2016100375
2017-01-21 15:29:09 [Cnnvd] INFO: http://www.cnnvd.org.cn/vulnerability/show/cv_id/2016100376
2017-01-21 15:29:10 [Cnnvd] INFO: http://www.cnnvd.org.cn/vulnerability/show/cv_id/2016100377
2017-01-21 15:29:10 [Cnnvd] INFO: http://www.cnnvd.org.cn/vulnerability/show/cv_id/2016100378
2017-01-21 15:29:10 [Cnnvd] INFO: http://www.cnnvd.org.cn/vulnerability/show/cv_id/2016100379
2017-01-21 15:29:11 [Cnnvd] INFO: http://www.cnnvd.org.cn/vulnerability/show/cv_id/2016100380
2017-01-21 15:29:11 [Cnnvd] INFO: http://www.cnnvd.org.cn/vulnerability/show/cv_id/2016100381
2017-01-21 15:29:12 [Cnnvd] INFO: http://www.cnnvd.org.cn/vulnerability/show/cv_id/2016100382
2017-01-21 15:29:14 [Cnnvd] INFO: http://www.cnnvd.org.cn/vulnerability/show/cv_id/2016100228
2017-01-21 15:29:15 [scrapy.crawler] INFO: Received SIG_SETMASK, shutting down gracefully. Send again to force 
2017-01-21 15:29:15 [scrapy.core.engine] INFO: Closing spider (shutdown)
2017-01-21 15:29:17 [Cnnvd] INFO: http://www.cnnvd.org.cn/vulnerability/show/cv_id/2016100229
2017-01-21 15:29:17 [Cnnvd] INFO: http://www.cnnvd.org.cn/vulnerability/show/cv_id/2016100230
2017-01-21 15:29:18 [Cnnvd] INFO: http://www.cnnvd.org.cn/vulnerability/show/cv_id/2016100231
2017-01-21 15:29:18 [Cnnvd] INFO: http://www.cnnvd.org.cn/vulnerability/show/cv_id/2016100232
2017-01-21 15:29:20 [Cnnvd] INFO: http://www.cnnvd.org.cn/vulnerability/show/cv_id/2016100233
2017-01-21 15:29:21 [Cnnvd] INFO: http://www.cnnvd.org.cn/vulnerability/show/cv_id/2016100127
2017-01-21 15:29:23 [Cnnvd] INFO: http://www.cnnvd.org.cn/vulnerability/show/cv_id/2016100149
2017-01-21 15:29:24 [Cnnvd] INFO: http://www.cnnvd.org.cn/vulnerability/show/cv_id/2016100157
2017-01-21 15:29:26 [Cnnvd] INFO: http://www.cnnvd.org.cn/vulnerability/show/cv_id/2016100286
2017-01-21 15:29:27 [Cnnvd] INFO: http://www.cnnvd.org.cn/vulnerability/show/cv_id/2016100287
2017-01-21 15:29:28 [Cnnvd] INFO: http://www.cnnvd.org.cn/vulnerability/show/cv_id/2016100288
2017-01-21 15:29:28 [scrapy.statscollectors] INFO: Dumping Scrapy stats:
{'downloader/request_bytes': 534063,
 'downloader/request_count': 1518,
 'downloader/request_method_count/GET': 1518,
 'downloader/response_bytes': 17866609,
 'downloader/response_count': 1518,
 'downloader/response_status_count/200': 768,
 'downloader/response_status_count/302': 750,
 'dupefilter/filtered': 2042,
 'finish_reason': 'shutdown',
 'finish_time': datetime.datetime(2017, 1, 21, 7, 29, 28, 96656),
 'log_count/INFO': 617,
 'request_depth_max': 44,
 'response_received_count': 768,
 'scheduler/dequeued': 1517,
 'scheduler/dequeued/memory': 1517,
 'scheduler/enqueued': 5359,
 'scheduler/enqueued/memory': 5359,
 'start_time': datetime.datetime(2017, 1, 21, 7, 2, 57, 798695)}
2017-01-21 15:29:28 [scrapy.core.engine] INFO: Spider closed (shutdown)
